<?xml version="1.0" encoding="UTF-8"?>
<!-- Generated by org.testng.reporters.JUnitReportReporter -->
<testsuite hostname="DESKTOP-3IHO2RA" failures="0" tests="1" name="testpkg.Saucetest" time="11.876" errors="0" timestamp="2024-04-29T12:00:32 IST" skipped="0">
  <testcase classname="testpkg.Saucetest" name="test1" time="11.876"/>
</testsuite> <!-- testpkg.Saucetest -->
